<?xml version="1.0" encoding="UTF-8"?>
<!-- Generated by org.testng.reporters.JUnitXMLReporter -->
<testsuite ignored="4" hostname="DESKTOP-2V5SM7Q" failures="0" tests="1" name="Default test" time="0.179" errors="0" timestamp="2023-11-27T14:15:07 IST">
  <testcase classname="TESTNG.loan3" name="loginmobile" time="0.021"/>
  <testcase classname="TESTNG.loan3" name="loginapi" time="0.0">
    <ignored/>
  </testcase> <!-- loginapi -->
  <testcase classname="TESTNG.loan3" name="lognweb" time="0.0">
    <ignored/>
  </testcase> <!-- lognweb -->
  <testcase classname="TESTNG.loan3" name="demo9" time="0.0">
    <ignored/>
  </testcase> <!-- demo9 -->
  <testcase classname="TESTNG.loan3" name="demo2" time="0.0">
    <ignored/>
  </testcase> <!-- demo2 -->
</testsuite> <!-- Default test -->
