<?xml version="1.0" encoding="UTF-8"?>
<!-- Generated by org.testng.reporters.JUnitXMLReporter -->
<testsuite ignored="3" hostname="DESKTOP-2V5SM7Q" failures="0" tests="7" name="custome" time="0.078" errors="0" timestamp="2023-11-09T10:41:43 IST">
  <testcase classname="TESTNG.loan3" name="lognweb" time="0.004"/>
  <testcase classname="TESTNG.loan1" name="method1" time="0.003"/>
  <testcase classname="TESTNG.loan1" name="method2" time="0.001"/>
  <testcase classname="TESTNG.loan4" name="loginapi" time="0.005"/>
  <testcase classname="TESTNG.loan4" name="loginwebhome" time="0.004"/>
  <testcase classname="TESTNG.loan2" name="methodd" time="0.002"/>
  <testcase classname="TESTNG.loan2" name="methods" time="0.002"/>
  <testcase classname="TESTNG.loan3" name="loginmobile" time="0.0">
    <ignored/>
  </testcase> <!-- loginmobile -->
  <testcase classname="TESTNG.loan3" name="loginapi" time="0.0">
    <ignored/>
  </testcase> <!-- loginapi -->
  <testcase classname="TESTNG.loan4" name="loginmobile" time="0.0">
    <ignored/>
  </testcase> <!-- loginmobile -->
</testsuite> <!-- custome -->
