<?xml version="1.0" encoding="UTF-8"?>
<!-- Generated by org.testng.reporters.JUnitXMLReporter -->
<testsuite ignored="1" hostname="DESKTOP-2V5SM7Q" failures="0" tests="9" name="Test" time="0.239" errors="0" timestamp="2023-11-09T10:41:42 IST">
  <testcase classname="TESTNG.loan2" name="methods" time="0.016"/>
  <testcase classname="TESTNG.loan1" name="method1" time="0.008"/>
  <testcase classname="TESTNG.loan1" name="method2" time="0.004"/>
  <testcase classname="TESTNG.loan3" name="loginapi" time="0.003"/>
  <testcase classname="TESTNG.loan3" name="loginmobile" time="0.009"/>
  <testcase classname="TESTNG.loan3" name="lognweb" time="0.009"/>
  <testcase classname="TESTNG.loan4" name="loginapi" time="0.008"/>
  <testcase classname="TESTNG.loan4" name="loginmobile" time="0.001"/>
  <testcase classname="TESTNG.loan4" name="loginwebhome" time="0.007"/>
  <testcase classname="TESTNG.loan2" name="methodd" time="0.0">
    <ignored/>
  </testcase> <!-- methodd -->
</testsuite> <!-- Test -->
