<?xml version="1.0" encoding="UTF-8"?>
<!-- Generated by org.testng.reporters.JUnitXMLReporter -->
<testsuite ignored="12" hostname="DESKTOP-2V5SM7Q" failures="0" tests="2" name="testfolder" time="0.21" errors="0" timestamp="2023-11-11T18:33:18 IST">
  <testcase classname="TESTNG.loan2" name="methodd" time="0.016"/>
  <testcase classname="TESTNG.loan1" name="method2" time="0.01"/>
  <testcase classname="TESTNG.loan4" name="demo3" time="0.0">
    <ignored/>
  </testcase> <!-- demo3 -->
  <testcase classname="TESTNG.loan3" name="loginapi" time="0.0">
    <ignored/>
  </testcase> <!-- loginapi -->
  <testcase classname="TESTNG.loan3" name="lognweb" time="0.0">
    <ignored/>
  </testcase> <!-- lognweb -->
  <testcase classname="TESTNG.loan3" name="demo9" time="0.0">
    <ignored/>
  </testcase> <!-- demo9 -->
  <testcase classname="TESTNG.loan2" name="demo4" time="0.0">
    <ignored/>
  </testcase> <!-- demo4 -->
  <testcase classname="TESTNG.loan4" name="loginapi" time="0.0">
    <ignored/>
  </testcase> <!-- loginapi -->
  <testcase classname="TESTNG.loan1" name="method1" time="0.0">
    <ignored/>
  </testcase> <!-- method1 -->
  <testcase classname="TESTNG.loan2" name="methods" time="0.0">
    <ignored/>
  </testcase> <!-- methods -->
  <testcase classname="TESTNG.loan4" name="loginwebhome" time="0.0">
    <ignored/>
  </testcase> <!-- loginwebhome -->
  <testcase classname="TESTNG.loan3" name="demo2" time="0.0">
    <ignored/>
  </testcase> <!-- demo2 -->
  <testcase classname="TESTNG.loan4" name="loginmobile" time="0.0">
    <ignored/>
  </testcase> <!-- loginmobile -->
  <testcase classname="TESTNG.loan3" name="loginmobile" time="0.0">
    <ignored/>
  </testcase> <!-- loginmobile -->
</testsuite> <!-- testfolder -->
