<?xml version="1.0" encoding="UTF-8"?>
<!-- Generated by org.testng.reporters.JUnitXMLReporter -->
<testsuite ignored="2" hostname="DESKTOP-2V5SM7Q" failures="0" tests="5" name="TestFOLDER1" time="0.198" errors="0" timestamp="2023-11-11T18:33:29 IST">
  <testcase classname="TESTNG.loan2" name="methods" time="0.013"/>
  <testcase classname="TESTNG.loan2" name="methods" time="0.028"/>
  <testcase classname="TESTNG.loan2" name="methods" time="0.012"/>
  <testcase classname="TESTNG.loan1" name="method1" time="0.002"/>
  <testcase classname="TESTNG.loan1" name="method2" time="0.005"/>
  <testcase classname="TESTNG.loan2" name="demo4" time="0.0">
    <ignored/>
  </testcase> <!-- demo4 -->
  <testcase classname="TESTNG.loan2" name="methodd" time="0.0">
    <ignored/>
  </testcase> <!-- methodd -->
</testsuite> <!-- TestFOLDER1 -->
