<?xml version="1.0" encoding="UTF-8"?>
<!-- Generated by org.testng.reporters.JUnitXMLReporter -->
<testsuite ignored="3" hostname="DESKTOP-2V5SM7Q" failures="0" tests="6" name="TestFOLDER2" time="0.062" errors="0" timestamp="2023-11-11T18:33:29 IST">
  <testcase classname="TESTNG.loan3" name="demo9" time="0.003"/>
  <testcase classname="TESTNG.loan3" name="lognweb" time="0.007"/>
  <testcase classname="TESTNG.loan3" name="demo2" time="0.002"/>
  <testcase classname="TESTNG.loan4" name="demo3" time="0.005"/>
  <testcase classname="TESTNG.loan4" name="loginapi" time="0.002"/>
  <testcase classname="TESTNG.loan4" name="loginwebhome" time="0.007"/>
  <testcase classname="TESTNG.loan3" name="loginmobile" time="0.0">
    <ignored/>
  </testcase> <!-- loginmobile -->
  <testcase classname="TESTNG.loan3" name="loginapi" time="0.0">
    <ignored/>
  </testcase> <!-- loginapi -->
  <testcase classname="TESTNG.loan4" name="loginmobile" time="0.0">
    <ignored/>
  </testcase> <!-- loginmobile -->
</testsuite> <!-- TestFOLDER2 -->
